<?xml version="1.0" encoding="UTF-8"?>
<!-- Generated by org.testng.reporters.JUnitXMLReporter -->
<testsuite ignored="2" hostname="LAPTOP-9TU4N0NM" failures="1" tests="1" name="Test" time="60.913" errors="0" timestamp="2024-10-29T13:46:12 IST">
  <testcase classname="io.stage.hudinielevate.cms.tests.DesignConfigsTest" name="verifyupdateComponentsTest" time="55.408">
    <failure type="org.openqa.selenium.ElementClickInterceptedException" message="element click intercepted: Element &amp;lt;span class=&amp;quot;MuiButton-label&amp;quot;&amp;gt;...&amp;lt;/span&amp;gt; is not clickable at point (1169, 451). Other element would receive the click: &amp;lt;div class=&amp;quot;loader-container d-flex justify-content-center align-items-center h-100&amp;quot;&amp;gt;...&amp;lt;/div&amp;gt;
  (Session info: chrome=128.0.6613.138)
Build info: version: &amp;apos;4.18.1&amp;apos;, revision: &amp;apos;b1d3319b48&amp;apos;
System info: os.name: &amp;apos;Windows 11&amp;apos;, os.arch: &amp;apos;amd64&amp;apos;, os.version: &amp;apos;10.0&amp;apos;, java.version: &amp;apos;17.0.10&amp;apos;
Driver info: org.openqa.selenium.chrome.ChromeDriver
Command: [1263f163c74759647df0ed93b065b01b, clickElement {id=f.E2A34FFC59BB1B7E09171B0635BA3A31.d.FBA094AC05DE08266CEA4DEDBB52C913.e.1777}]
Capabilities {acceptInsecureCerts: true, browserName: chrome, browserVersion: 128.0.6613.138, chrome: {chromedriverVersion: 128.0.6613.137 (fe621c5aa2d..., userDataDir: C:\Users\AKSHAY~1\AppData\L...}, fedcm:accounts: true, goog:chromeOptions: {debuggerAddress: localhost:65420}, networkConnectionEnabled: false, pageLoadStrategy: normal, platformName: windows, proxy: Proxy(), se:cdp: ws://localhost:65420/devtoo..., se:cdpVersion: 128.0.6613.138, setWindowRect: true, strictFileInteractability: false, timeouts: {implicit: 0, pageLoad: 300000, script: 30000}, unhandledPromptBehavior: dismiss and notify, webauthn:extension:credBlob: true, webauthn:extension:largeBlob: true, webauthn:extension:minPinLength: true, webauthn:extension:prf: true, webauthn:virtualAuthenticators: true}
Element: [[ChromeDriver: chrome on windows (1263f163c74759647df0ed93b065b01b)] -&amp;gt; xpath: //span[text()=&amp;apos;Save as Draft&amp;apos;]]
Session ID: 1263f163c74759647df0ed93b065b01b">
      <![CDATA[org.openqa.selenium.ElementClickInterceptedException: element click intercepted: Element <span class="MuiButton-label">...</span> is not clickable at point (1169, 451). Other element would receive the click: <div class="loader-container d-flex justify-content-center align-items-center h-100">...</div>
  (Session info: chrome=128.0.6613.138)
Build info: version: '4.18.1', revision: 'b1d3319b48'
System info: os.name: 'Windows 11', os.arch: 'amd64', os.version: '10.0', java.version: '17.0.10'
Driver info: org.openqa.selenium.chrome.ChromeDriver
Command: [1263f163c74759647df0ed93b065b01b, clickElement {id=f.E2A34FFC59BB1B7E09171B0635BA3A31.d.FBA094AC05DE08266CEA4DEDBB52C913.e.1777}]
Capabilities {acceptInsecureCerts: true, browserName: chrome, browserVersion: 128.0.6613.138, chrome: {chromedriverVersion: 128.0.6613.137 (fe621c5aa2d..., userDataDir: C:\Users\AKSHAY~1\AppData\L...}, fedcm:accounts: true, goog:chromeOptions: {debuggerAddress: localhost:65420}, networkConnectionEnabled: false, pageLoadStrategy: normal, platformName: windows, proxy: Proxy(), se:cdp: ws://localhost:65420/devtoo..., se:cdpVersion: 128.0.6613.138, setWindowRect: true, strictFileInteractability: false, timeouts: {implicit: 0, pageLoad: 300000, script: 30000}, unhandledPromptBehavior: dismiss and notify, webauthn:extension:credBlob: true, webauthn:extension:largeBlob: true, webauthn:extension:minPinLength: true, webauthn:extension:prf: true, webauthn:virtualAuthenticators: true}
Element: [[ChromeDriver: chrome on windows (1263f163c74759647df0ed93b065b01b)] -> xpath: //span[text()='Save as Draft']]
Session ID: 1263f163c74759647df0ed93b065b01b
at org.openqa.selenium.remote.ErrorCodec.decode(ErrorCodec.java:167)
at org.openqa.selenium.remote.codec.w3c.W3CHttpResponseCodec.decode(W3CHttpResponseCodec.java:138)
at org.openqa.selenium.remote.codec.w3c.W3CHttpResponseCodec.decode(W3CHttpResponseCodec.java:50)
at org.openqa.selenium.remote.HttpCommandExecutor.execute(HttpCommandExecutor.java:190)
at org.openqa.selenium.remote.service.DriverCommandExecutor.invokeExecute(DriverCommandExecutor.java:216)
at org.openqa.selenium.remote.service.DriverCommandExecutor.execute(DriverCommandExecutor.java:174)
at org.openqa.selenium.remote.RemoteWebDriver.execute(RemoteWebDriver.java:519)
at org.openqa.selenium.remote.RemoteWebElement.execute(RemoteWebElement.java:223)
at org.openqa.selenium.remote.RemoteWebElement.click(RemoteWebElement.java:76)
at io.stage.hudinielevate.cms.util.ElementActions.clickOnElement(ElementActions.java:147)
at io.stage.hudinielevate.cms.pages.DesignConfigsPage.updateComponentsInAPage(DesignConfigsPage.java:558)
at io.stage.hudinielevate.cms.tests.DesignConfigsTest.verifyupdateComponentsTest(DesignConfigsTest.java:71)
at java.base/java.util.ArrayList.forEach(ArrayList.java:1511)
... Removed 32 stack frames]]>
    </failure>
  </testcase> <!-- verifyupdateComponentsTest -->
  <testcase classname="io.stage.hudinielevate.cms.tests.DesignConfigsTest" name="verifyAddComponentsTest" time="0.0">
    <ignored/>
  </testcase> <!-- verifyAddComponentsTest -->
  <testcase classname="io.stage.hudinielevate.cms.tests.DesignConfigsTest" name="verifyCreatePageTest" time="0.0">
    <ignored/>
  </testcase> <!-- verifyCreatePageTest -->
</testsuite> <!-- Test -->
